/Users/shehzad/.pyenv/versions/3.10.13/bin/python /Users/shehzad/Desktop/ShehzadAi/EMMS.py        
(base) â¯â¯â¯â¯ /Users/shehzad/.pyenv/versions/3.10.13/bin/python /Users/shehzad/Desktop/ShehzadAi/EMMS.py
ğŸ¯ EMMS.py - Enhanced Memory Management System
Choose demonstration mode:
1. Complete system demonstration (recommended)
2. Memory components only
3. Real-time integration only
4. Performance testing
Choice (1-4): 1
ğŸš€ Complete EMMS.py Enhanced Memory System Demonstration
================================================================================
ğŸ§  Features: Token Management + Graph Boundaries + Hierarchical Memory
ğŸ”„ + Compression + Multi-Strategy Retrieval + Cross-Modal + Real-time Data

INFO:__main__:Cleaned up 0 weak semantic concepts
INFO:__main__:Enhanced Integrated Memory System initialized for financial_analysis
INFO:__main__:Model architecture: gemma3n:e4b
INFO:__main__:Context window: 32000
INFO:__main__:âœ… Binance client initialized
INFO:__main__:âœ… Web3 client initialized
INFO:__main__:âœ… API clients initialized successfully
INFO:__main__:ğŸš€ Bulletproof RealTimeDataIntegrator initialized successfully
ğŸŒ Starting Real-time Data Integration Demo
--------------------------------------------------
INFO:__main__:ğŸš€ Starting continuous integration for domains: ['financial_analysis', 'research']
INFO:__main__:ğŸ”„ Starting continuous fetch worker for financial_analysis
INFO:__main__:ğŸ”„ Starting fetch cycle for domain: financial_analysis, count: 5
INFO:__main__:ğŸ”„ Starting continuous fetch worker for research
INFO:__main__:ğŸ”„ Starting fetch cycle for domain: research, count: 5
INFO:__main__:ğŸ”´ Starting Binance WebSocket stream
INFO:__main__:ğŸ”„ Starting data processing worker
INFO:__main__:âœ… Started 4 background threads
âœ… Initialized 2 data streams

ğŸ“Š Data Integration Cycle 1
------------------------------
Processing financial_analysis domain...
INFO:__main__:ğŸ”„ Starting fetch cycle for domain: financial_analysis, count: 15
WARNING:__main__:No entries in coindesk_rss feed
INFO:__main__:âœ… EMMS Integration: 5/5 experiences processed into hierarchical memory
INFO:__main__:âœ… Cycle complete: 30 raw â†’ 30 quality â†’ 30 unique â†’ 30 novel â†’ 5 experiences
INFO:__main__:âœ… financial_analysis: 5 experiences processed
INFO:__main__:âœ… EMMS Integration: 15/15 experiences processed into hierarchical memory
INFO:__main__:âœ… Cycle complete: 30 raw â†’ 30 quality â†’ 30 unique â†’ 30 novel â†’ 15 experiences
   Raw data fetched: 30
   Quality filtered: 30
   Deduplicated: 30
   Novel content: 30
   Experiences created: 15
   Cycle time: 5.27s

Processing research domain...
INFO:__main__:ğŸ”„ Starting fetch cycle for domain: research, count: 15
INFO:__main__:âœ… EMMS Integration: 5/5 experiences processed into hierarchical memory
INFO:__main__:âœ… Cycle complete: 15 raw â†’ 15 quality â†’ 15 unique â†’ 15 novel â†’ 5 experiences
INFO:__main__:âœ… research: 5 experiences processed
WARNING:__main__:No entries in coindesk_rss feed
INFO:__main__:âœ… EMMS Integration: 15/15 experiences processed into hierarchical memory
INFO:__main__:âœ… Cycle complete: 15 raw â†’ 15 quality â†’ 15 unique â†’ 15 novel â†’ 15 experiences
   Raw data fetched: 15
   Quality filtered: 15
   Deduplicated: 15
   Novel content: 15
   Experiences created: 15
   Cycle time: 3.99s

ğŸ“Š Data Integration Cycle 2
------------------------------
Processing financial_analysis domain...
INFO:__main__:ğŸ”„ Starting fetch cycle for domain: financial_analysis, count: 15
INFO:__main__:âœ… EMMS Integration: 15/15 experiences processed into hierarchical memory
INFO:__main__:âœ… Cycle complete: 30 raw â†’ 30 quality â†’ 30 unique â†’ 30 novel â†’ 15 experiences
   Raw data fetched: 30
   Quality filtered: 30
   Deduplicated: 30
   Novel content: 30
   Experiences created: 15
   Cycle time: 1.93s

Processing research domain...
INFO:__main__:ğŸ”„ Starting fetch cycle for domain: research, count: 15
ERROR:binance.ws.reconnecting_websocket:Failed to connect to websocket: timed out during opening handshake
ERROR:asyncio:Task exception was never retrieved
future: <Task finished name='Task-3' coro=<ThreadedApiManager.start_listener() done, defined at /Users/shehzad/.pyenv/versions/3.10.13/lib/python3.10/site-packages/binance/ws/threaded_stream.py:54> exception=TimeoutError('timed out during opening handshake')>
Traceback (most recent call last):
  File "/Users/shehzad/.pyenv/versions/3.10.13/lib/python3.10/site-packages/websockets/asyncio/client.py", line 541, in __await_impl__
    self.connection = await self.create_connection()
  File "/Users/shehzad/.pyenv/versions/3.10.13/lib/python3.10/site-packages/websockets/asyncio/client.py", line 467, in create_connection
    _, connection = await loop.create_connection(factory, **kwargs)
  File "/Users/shehzad/.pyenv/versions/3.10.13/lib/python3.10/asyncio/base_events.py", line 1060, in create_connection
    sock = await self._connect_sock(
  File "/Users/shehzad/.pyenv/versions/3.10.13/lib/python3.10/asyncio/base_events.py", line 969, in _connect_sock
    await self.sock_connect(sock, address)
  File "/Users/shehzad/.pyenv/versions/3.10.13/lib/python3.10/asyncio/selector_events.py", line 501, in sock_connect
    return await fut
asyncio.exceptions.CancelledError

During handling of the above exception, another exception occurred:

Traceback (most recent call last):
  File "/Users/shehzad/.pyenv/versions/3.10.13/lib/python3.10/site-packages/websockets/asyncio/client.py", line 539, in __await_impl__
    async with asyncio_timeout(self.open_timeout):
  File "/Users/shehzad/.pyenv/versions/3.10.13/lib/python3.10/site-packages/websockets/asyncio/async_timeout.py", line 181, in __aexit__
    self._do_exit(exc_type)
  File "/Users/shehzad/.pyenv/versions/3.10.13/lib/python3.10/site-packages/websockets/asyncio/async_timeout.py", line 268, in _do_exit
    raise asyncio.TimeoutError
asyncio.exceptions.TimeoutError

The above exception was the direct cause of the following exception:

Traceback (most recent call last):
  File "/Users/shehzad/.pyenv/versions/3.10.13/lib/python3.10/site-packages/binance/ws/threaded_stream.py", line 55, in start_listener
    async with socket as s:
  File "/Users/shehzad/.pyenv/versions/3.10.13/lib/python3.10/site-packages/binance/ws/reconnecting_websocket.py", line 91, in __aenter__
    await self.connect()
  File "/Users/shehzad/.pyenv/versions/3.10.13/lib/python3.10/site-packages/binance/ws/reconnecting_websocket.py", line 136, in connect
    raise e
  File "/Users/shehzad/.pyenv/versions/3.10.13/lib/python3.10/site-packages/binance/ws/reconnecting_websocket.py", line 132, in connect
    self.ws = await self._conn.__aenter__()
  File "/Users/shehzad/.pyenv/versions/3.10.13/lib/python3.10/site-packages/websockets/asyncio/client.py", line 587, in __aenter__
    return await self
  File "/Users/shehzad/.pyenv/versions/3.10.13/lib/python3.10/site-packages/websockets/asyncio/client.py", line 578, in __await_impl__
    raise TimeoutError("timed out during opening handshake") from exc
asyncio.exceptions.TimeoutError: timed out during opening handshake
WARNING:__main__:No entries in coindesk_rss feed
INFO:__main__:âœ… EMMS Integration: 15/15 experiences processed into hierarchical memory
INFO:__main__:âœ… Cycle complete: 15 raw â†’ 15 quality â†’ 15 unique â†’ 15 novel â†’ 15 experiences
   Raw data fetched: 15
   Quality filtered: 15
   Deduplicated: 15
   Novel content: 15
   Experiences created: 15
   Cycle time: 4.85s

ğŸ“Š Data Integration Cycle 3
------------------------------
Processing financial_analysis domain...
INFO:__main__:ğŸ”„ Starting fetch cycle for domain: financial_analysis, count: 15
INFO:__main__:âœ… EMMS Integration: 15/15 experiences processed into hierarchical memory
INFO:__main__:âœ… Cycle complete: 30 raw â†’ 30 quality â†’ 30 unique â†’ 30 novel â†’ 15 experiences
   Raw data fetched: 30
   Quality filtered: 30
   Deduplicated: 30
   Novel content: 30
   Experiences created: 15
   Cycle time: 1.83s

Processing research domain...
INFO:__main__:ğŸ”„ Starting fetch cycle for domain: research, count: 15
WARNING:__main__:No entries in coindesk_rss feed
INFO:__main__:âœ… EMMS Integration: 15/15 experiences processed into hierarchical memory
INFO:__main__:âœ… Cycle complete: 15 raw â†’ 15 quality â†’ 15 unique â†’ 15 novel â†’ 15 experiences
   Raw data fetched: 15
   Quality filtered: 15
   Deduplicated: 15
   Novel content: 15
   Experiences created: 15
   Cycle time: 4.94s

ğŸ” Comprehensive Memory Retrieval Test
----------------------------------------
Retrieved 10 memories:
   Hierarchical: 5
   Cross-modal: 5
   Advanced: 0
   Retrieval time: 0.036s

Top Retrieved Memories:
   1. Score: 1.280 | Sources: cross_modal
   2. Score: 1.279 | Sources: cross_modal
   3. Score: 1.279 | Sources: cross_modal
   4. Score: 1.201 | Sources: cross_modal
   5. Score: 1.195 | Sources: cross_modal

ğŸ”§ Synchronizing Statistics...
INFO:__main__:Cleaned up 0 weak semantic concepts

ğŸ” Statistics Validation:
   EMMS processed: 100
   Data integrator processed: 100
   Cross-modal counts: [100, 100, 100, 100, 100, 100]
   âœ… Cross-modal consistency: GOOD
   âœ… System counter consistency: GOOD
ğŸ“ˆ Complete System Statistics
----------------------------------------
Enhanced Memory System:
   Experiences processed: 100
   Average processing time: 0.002s
   Processing efficiency: 3.70 exp/sec

Memory Components:
   Working memory: 7/7
   Short-term memory: 0/50
   Long-term memory: 0
   Semantic concepts: 0

Token Management:
   Context utilization: 13.55%
   Evicted tokens: 0
   Unique evicted: 0

Cross-Modal System:
   text: 100 experiences
   visual: 100 experiences
   audio: 100 experiences
   temporal: 100 experiences
   spatial: 100 experiences
   emotional: 100 experiences

Real-time Data Integration:
   Total fetched: 180
   Total processed: 100
   Quality filtered: 180
   Duplicates removed: 0
   Active streams: 2

ğŸ“Š Performance Analysis
------------------------------
Overall System Performance:
   Processing efficiency: 3.70 exp/sec
   Token utilization: 13.5%
   Memory utilization: 50.0%
   âš¡ GOOD PERFORMANCE - System functioning well

ğŸ›‘ Shutting down systems...
INFO:__main__:ğŸ›‘ Stopping all data streams...
INFO:__main__:âœ… Binance WebSocket stopped
INFO:__main__:ğŸ›‘ Continuous fetch worker for financial_analysis stopped
INFO:__main__:ğŸ›‘ Continuous fetch worker for research stopped
INFO:__main__:âœ… Binance WebSocket stopped
INFO:__main__:ğŸ›‘ Data processing worker stopped
INFO:__main__:âœ… All data streams stopped
INFO:__main__:ğŸ›‘ Shutting down RealTimeDataIntegrator...
INFO:__main__:ğŸ›‘ Stopping all data streams...
INFO:__main__:âœ… Binance WebSocket stopped
INFO:__main__:âœ… All data streams stopped
INFO:__main__:âœ… RealTimeDataIntegrator shutdown complete
INFO:__main__:Enhanced Integrated Memory System shutdown complete
INFO:__main__:Session 8bfae7e8 processed 100 experiences
âœ… Complete EMMS.py Demonstration Finished!

ğŸ† Successfully Demonstrated:
   âœ“ Token-level context management with intelligent eviction
   âœ“ Graph-theoretic boundary refinement with multiple algorithms
   âœ“ Hierarchical memory system with automatic consolidation
   âœ“ Memory compression with pattern detection and abstractions
   âœ“ Multi-strategy retrieval with ensemble methods
   âœ“ Cross-modal memory integration across 6 modalities
   âœ“ Real-time data integration with quality assessment
   âœ“ Content deduplication and novelty detection
   âœ“ Comprehensive system integration and coordination

ğŸ§  This represents the most advanced memory management system
   for persistent identity AI, combining cutting-edge techniques
   from neuroscience, cognitive science, and computer science.
(base) â¯â¯â¯â¯ /Users/shehzad/.pyenv/versions/3.10.13/bin/python /Users/shehzad/Desktop/ShehzadAi/EMMS.py
ğŸ¯ EMMS.py - Enhanced Memory Management System
Choose demonstration mode:
1. Complete system demonstration (recommended)
2. Memory components only
3. Real-time integration only
4. Performance testing
Choice (1-4): 4
ğŸ”¬ Performance Testing Mode
INFO:__main__:Cleaned up 0 weak semantic concepts
INFO:__main__:Enhanced Integrated Memory System initialized for financial_analysis
INFO:__main__:Model architecture: gemma3n:e4b
INFO:__main__:Context window: 32000
Processed 10/50 experiences...
Processed 20/50 experiences...
Processed 30/50 experiences...
Processed 40/50 experiences...
Processed 50/50 experiences...

ğŸ“Š Performance Results:
   Total time: 0.08s
   Experiences/second: 627.17
   Average processing time: 0.002s
INFO:__main__:Enhanced Integrated Memory System shutdown complete
INFO:__main__:Session 897d7d0e processed 50 experiences
(base) â¯â¯â¯â¯ /Users/shehzad/.pyenv/versions/3.10.13/bin/python /Users/shehzad/Desktop/ShehzadAi/EMMS.py
ğŸ¯ EMMS.py - Enhanced Memory Management System
Choose demonstration mode:
1. Complete system demonstration (recommended)
2. Memory components only
3. Real-time integration only
4. Performance testing
Choice (1-4): 2
ğŸ§  Enhanced Memory Management System - Comprehensive Demo
================================================================================
INFO:__main__:Cleaned up 0 weak semantic concepts
INFO:__main__:Enhanced Integrated Memory System initialized for financial_analysis
INFO:__main__:Model architecture: gemma3n:e4b
INFO:__main__:Context window: 32000
Processing 8 test experiences...

ğŸ“ Processing Experience 1: Bitcoin price surges 15% following institutional a...
   â±ï¸  Processing time: 0.004s
   ğŸ§® Token processing: 8 tokens
   ğŸ›ï¸  Hierarchical storage: working
   ğŸŒ Cross-modal: N/A

ğŸ“ Processing Experience 2: Federal Reserve announces interest rate decision a...
   â±ï¸  Processing time: 0.003s
   ğŸ§® Token processing: 17 tokens
   ğŸ›ï¸  Hierarchical storage: working
   ğŸŒ Cross-modal: N/A

ğŸ“ Processing Experience 3: Machine learning breakthrough in natural language ...
   â±ï¸  Processing time: 0.002s
   ğŸ§® Token processing: 25 tokens
   ğŸ›ï¸  Hierarchical storage: working
   ğŸŒ Cross-modal: N/A

ğŸ“ Processing Experience 4: Tesla reports record quarterly earnings with stron...
   â±ï¸  Processing time: 0.005s
   ğŸ§® Token processing: 36 tokens
   ğŸ›ï¸  Hierarchical storage: working
   ğŸŒ Cross-modal: N/A

ğŸ“ Processing Experience 5: New AI model demonstrates superior performance in ...
   â±ï¸  Processing time: 0.002s
   ğŸ§® Token processing: 46 tokens
   ğŸ›ï¸  Hierarchical storage: working
   ğŸŒ Cross-modal: N/A

ğŸ“ Processing Experience 6: Cryptocurrency regulations proposed by European Un...
   â±ï¸  Processing time: 0.002s
   ğŸ§® Token processing: 55 tokens
   ğŸ›ï¸  Hierarchical storage: working
   ğŸŒ Cross-modal: N/A

ğŸ“ Processing Experience 7: Quantum computing research achieves milestone in e...
   â±ï¸  Processing time: 0.002s
   ğŸ§® Token processing: 63 tokens
   ğŸ›ï¸  Hierarchical storage: working
   ğŸŒ Cross-modal: N/A

ğŸ“ Processing Experience 8: Stock market shows resilience despite geopolitical...
   â±ï¸  Processing time: 0.002s
   ğŸ§® Token processing: 70 tokens
   ğŸ›ï¸  Hierarchical storage: working
   ğŸŒ Cross-modal: N/A

ğŸ” Testing Comprehensive Retrieval
----------------------------------------
Retrieved 6 relevant memories:
   Hierarchical: 3
   Cross-modal: 3
   Advanced: 0
   Retrieval time: 0.002s

Top Retrieved Memories:
   1. Score: 1.309 | Sources: cross_modal
   2. Score: 1.292 | Sources: cross_modal
   3. Score: 1.234 | Sources: cross_modal

ğŸ“Š Comprehensive System Statistics
----------------------------------------
Session ID: f20da09a
Experiences processed: 8
Average processing time: 0.003s
Processing efficiency: 385.47 exp/sec

Component Statistics:
   Token Management:
     Context utilization: 0.22%
     Evicted tokens: 0
   Hierarchical Memory:
     Working memory: 7/7
     Short-term memory: 0/50
     Long-term memory: 0
     Semantic concepts: 0
   Cross-Modal System:
     text: 8 experiences
     visual: 8 experiences
     audio: 8 experiences
     temporal: 8 experiences
     spatial: 8 experiences
     emotional: 8 experiences

INFO:__main__:Enhanced Integrated Memory System shutdown complete
INFO:__main__:Session f20da09a processed 8 experiences
âœ… Enhanced Memory System Demo Complete!

Key Features Demonstrated:
   âœ“ Token-level context management with intelligent eviction
   âœ“ Graph-theoretic boundary refinement
   âœ“ Hierarchical memory with consolidation
   âœ“ Memory compression with pattern detection
   âœ“ Multi-strategy advanced retrieval
   âœ“ Cross-modal memory integration
   âœ“ Comprehensive ensemble retrieval
(base) â¯â¯â¯â¯ /Users/shehzad/.pyenv/versions/3.10.13/bin/python /Users/shehzad/Desktop/ShehzadAi/EMMS.py
ğŸ¯ EMMS.py - Enhanced Memory Management System
Choose demonstration mode:
1. Complete system demonstration (recommended)
2. Memory components only
3. Real-time integration only
4. Performance testing
Choice (1-4): 3
INFO:__main__:Cleaned up 0 weak semantic concepts
INFO:__main__:Enhanced Integrated Memory System initialized for general
INFO:__main__:Model architecture: gemma3n:e4b
INFO:__main__:Context window: 32000
INFO:__main__:âœ… Binance client initialized
INFO:__main__:âœ… Web3 client initialized
INFO:__main__:âœ… API clients initialized successfully
INFO:__main__:ğŸš€ Bulletproof RealTimeDataIntegrator initialized successfully
ğŸŒ Real-time Data Integration Demo
INFO:__main__:ğŸ”„ Starting fetch cycle for domain: financial_analysis, count: 20
INFO:__main__:âœ… EMMS Integration: 20/20 experiences processed into hierarchical memory
INFO:__main__:âœ… Cycle complete: 30 raw â†’ 30 quality â†’ 30 unique â†’ 30 novel â†’ 20 experiences
Processed 20 experiences in 4.04s
INFO:__main__:Enhanced Integrated Memory System shutdown complete
INFO:__main__:Session 2eaec10e processed 20 experiences
(base) â¯â¯â¯â¯                                                                   